<?xml version="1.0" encoding="UTF-8"?>
<!-- Generated by org.testng.reporters.JUnitXMLReporter -->
<testsuite hostname="VAIO" ignored="0" name="Test" tests="18" failures="1" timestamp="05 Feb 2017 10:05:15 GMT" time="786.639" errors="0">
  <testcase name="execute" time="28.998" classname="automationScripts.loginModule.Auto_Practice_Login_Succesfull_Login_AT01"/>
  <testcase name="execute" time="10.587" classname="automationScripts.myAccount.Auto_Practice_MyAccounts_Check_My_Personal_Information_AT02">
    <failure type="junit.framework.ComparisonFailure" message="expected:&amp;lt;[7]  &amp;gt; but was:&amp;lt;[23]  &amp;gt;">
      <![CDATA[junit.framework.ComparisonFailure: expected:<[7]  > but was:<[23]  >
	at junit.framework.Assert.assertEquals(Assert.java:100)
	at junit.framework.Assert.assertEquals(Assert.java:107)
	at automationScripts.myAccount.Auto_Practice_MyAccounts_Check_My_Personal_Information_AT02.execute(Auto_Practice_MyAccounts_Check_My_Personal_Information_AT02.java:71)
... Removed 25 stack frames]]>
    </failure>
  </testcase> <!-- execute -->
  <testcase name="execute" time="17.986" classname="automationScripts.homepage.Auto_Practice_Homepage_Add_Products_To_Cart_AT05"/>
  <testcase name="execute" time="29.602" classname="automationScripts.cart.Auto_Practice_Cart_Add_Products_To_Cart_Through_SignIn_AT02"/>
  <testcase name="execute" time="4.899" classname="automationScripts.loginModule.Auto_Practice_Login_Unsuccesfull_Login_Invalid_Password_AT03"/>
  <testcase name="execute" time="5.598" classname="automationScripts.myAccount.Auto_Practice_MyAccounts_Check_Options_AT01"/>
  <testcase name="execute" time="18.286" classname="automationScripts.homepage.Auto_Practice_Homepage_ContactUs_Send_Details_AT02"/>
  <testcase name="execute" time="8.503" classname="automationScripts.cart.Auto_Practice_Cart_Already_AddedProduct_Place_The_Order_AT01"/>
  <testcase name="execute" time="4.289" classname="automationScripts.loginModule.Auto_Practice_Login_Unsuccesfull_Login_Invalid_UserID_AT02"/>
  <testcase name="execute" time="57.773" classname="automationScripts.myAccount.Auto_Practice_MyAccounts_Update_My_Personal_Information_AT03"/>
  <testcase name="execute" time="29.177" classname="automationScripts.homepage.Auto_Practice_Homepage_Verify_Menu_Options_AT01"/>
  <testcase name="execute" time="11.725" classname="automationScripts.cart.Auto_Practice_Cart_Verify_Delete_Added_Product_AT04"/>
  <testcase name="execute1" time="17.794" classname="automationScripts.cart.Auto_Practice_Cart_Verify_Delete_Added_Product_AT04"/>
  <testcase name="execute" time="12.577" classname="automationScripts.loginModule.Auto_Practice_Login_Validate_Forgot_Passowrd_Link_AT04"/>
  <testcase name="execute" time="3.609" classname="automationScripts.homepage.Auto_Practice_Homepage_Verify_Newsletter_Error_Message_AT03"/>
  <testcase name="execute" time="9.456" classname="automationScripts.cart.Auto_Practice_Cart_Verify_Details_Of_Added_Product_AT03"/>
  <testcase name="execute1" time="22.018" classname="automationScripts.cart.Auto_Practice_Cart_Verify_Details_Of_Added_Product_AT03"/>
  <testcase name="execute" time="13.271" classname="automationScripts.homepage.Auto_Practice_Homepage_Verify_Terms_And_Conditions_AT04"/>
</testsuite> <!-- Test -->
