<?xml version="1.0" encoding="UTF-8"?>
<testng-results skipped="0" failed="0" ignored="0" total="1" passed="1">
  <reporter-output>
  </reporter-output>
  <suite name="Default suite" duration-ms="85635" started-at="2017-06-26T12:35:04Z" finished-at="2017-06-26T12:36:30Z">
    <groups>
    </groups>
    <test name="Default test" duration-ms="85635" started-at="2017-06-26T12:35:04Z" finished-at="2017-06-26T12:36:30Z">
      <class name="automationScripts.loginModule.Auto_Practice_Login_Succesfull_Login_AT01">
        <test-method status="PASS" signature="setUp(java.lang.String)[pri:0, instance:automationScripts.loginModule.Auto_Practice_Login_Succesfull_Login_AT01@6f1fba17]" name="setUp" is-config="true" duration-ms="70436" started-at="2017-06-26T18:05:04Z" finished-at="2017-06-26T18:06:15Z">
          <params>
            <param index="0">
              <value>
                <![CDATA[chrome]]>
              </value>
            </param>
          </params>
          <reporter-output>
          </reporter-output>
        </test-method> <!-- setUp -->
        <test-method status="PASS" signature="execute()[pri:0, instance:automationScripts.loginModule.Auto_Practice_Login_Succesfull_Login_AT01@6f1fba17]" name="execute" duration-ms="12632" started-at="2017-06-26T18:06:15Z" description="Successful login of user with correct credentials" finished-at="2017-06-26T18:06:27Z">
          <reporter-output>
          </reporter-output>
        </test-method> <!-- execute -->
        <test-method status="PASS" signature="tearDown()[pri:0, instance:automationScripts.loginModule.Auto_Practice_Login_Succesfull_Login_AT01@6f1fba17]" name="tearDown" is-config="true" duration-ms="2532" started-at="2017-06-26T18:06:27Z" finished-at="2017-06-26T18:06:30Z">
          <reporter-output>
          </reporter-output>
        </test-method> <!-- tearDown -->
      </class> <!-- automationScripts.loginModule.Auto_Practice_Login_Succesfull_Login_AT01 -->
    </test> <!-- Default test -->
  </suite> <!-- Default suite -->
</testng-results>
